%!Adobe-FontList 1.18
%Locale:0x409

%BeginFont
Handler:DirectoryHandler
FontType:Type1
FontName:HKGrotesk-Light
FamilyName:HK Grotesk
StyleName:Light
MenuName:HK Grotesk Light
StyleBits:0
WeightClass:300
WidthClass:5
AngleClass:0
FullName:HK Grotesk Light
WritingScript:Roman
OutlineFileName:\HKGrotesk-Light.otf
DataFormat:sfntData
UsesStandardEncoding:yes
isCFF:yes
hasSVG:no
FileLength:84504
FileModTime:1489916868
NameArray:0,Mac,4,HK Grotesk Light
NameArray:0,Win,1,HK Grotesk Light
NameArray:0,Win,16,HK Grotesk
%EndFont

%BeginFont
Handler:DirectoryHandler
FontType:Type1
FontName:Montserrat-Black
FamilyName:Montserrat
StyleName:Black
MenuName:Montserrat Black
StyleBits:0
WeightClass:900
WidthClass:5
AngleClass:0
FullName:Montserrat Black
WritingScript:Roman
OutlineFileName:\Montserrat-Black.otf
DataFormat:sfntData
UsesStandardEncoding:yes
isCFF:yes
hasSVG:no
FileLength:45336
FileModTime:1458706894
NameArray:0,Mac,4,Montserrat Black
NameArray:0,Win,1,Montserrat Black
NameArray:0,Win,16,Montserrat
%EndFont

%BeginFont
Handler:DirectoryHandler
FontType:Type1
FontName:Montserrat-Bold
FamilyName:Montserrat
StyleName:Bold
MenuName:Montserrat
StyleBits:2
WeightClass:700
WidthClass:5
AngleClass:0
FullName:Montserrat Bold
WritingScript:Roman
OutlineFileName:\Montserrat-Bold.otf
DataFormat:sfntData
UsesStandardEncoding:yes
isCFF:yes
hasSVG:no
FileLength:45968
FileModTime:1458706894
NameArray:0,Mac,4,Montserrat Bold
NameArray:0,Win,1,Montserrat
%EndFont

%BeginFont
Handler:DirectoryHandler
FontType:Type1
FontName:Montserrat-Light
FamilyName:Montserrat
StyleName:Light
MenuName:Montserrat Light
StyleBits:0
WeightClass:300
WidthClass:5
AngleClass:0
FullName:Montserrat Light
WritingScript:Roman
OutlineFileName:\Montserrat-Light.otf
DataFormat:sfntData
UsesStandardEncoding:yes
isCFF:yes
hasSVG:no
FileLength:44792
FileModTime:1458706894
NameArray:0,Mac,4,Montserrat Light
NameArray:0,Win,1,Montserrat Light
NameArray:0,Win,16,Montserrat
%EndFont

%BeginFont
Handler:DirectoryHandler
FontType:TrueType
FontName:Moon_Phases_-_smartmix.it
FamilyName:Moon Phases - smartmix.it
StyleName:Regular
MenuName:Moon Phases - smartmix.it
StyleBits:0
WeightClass:400
WidthClass:5
AngleClass:0
FullName:Moon Phases - smartmix.it
WritingScript:Roman
OutlineFileName:\Moon Phases - smartmix.it.ttf
DataFormat:sfntData
hasSVG:no
FileLength:273428
FileModTime:1514977991
NameArray:0,Mac,4,Moon Phases - smartmix.it
NameArray:0,Win,1,Moon Phases - smartmix.it
%EndFont

